<?xml version="1.0" encoding="UTF-8"?>
<!-- Generated by org.testng.reporters.JUnitReportReporter -->
<testsuite skipped="0" hostname="DESKTOP-FIULKUT" name="TestNGFirst" tests="1" failures="0" timestamp="19 Mar 2020 17:13:03 GMT" time="31.249" errors="0">
  <testcase name="Login" time="31.249" classname="TestNGFirst"/>
</testsuite> <!-- TestNGFirst -->
